<?xml version="1.0" encoding="UTF-8"?>
<!-- Generated by org.testng.reporters.JUnitReportReporter -->
<testsuite hostname="DESKTOP-FO7068N" failures="0" tests="2" name="Script_Demo.WorkingWithAnnotation" time="27.985" errors="0" timestamp="2024-09-26T10:22:02 IST" skipped="0">
  <testcase classname="Script_Demo.WorkingWithAnnotation" name="MobilePhoneLink" time="3.767"/>
  <system-out/>
  <testcase classname="Script_Demo.WorkingWithAnnotation" name="Electronics" time="24.218"/>
  <system-out/>
</testsuite> <!-- Script_Demo.WorkingWithAnnotation -->
