<?xml version="1.0" encoding="UTF-8"?>
<!-- Generated by org.testng.reporters.JUnitReportReporter -->
<testsuite hostname="DESKTOP-FO7068N" failures="0" tests="6" name="Script_Demo.GroupTestCases" time="0.027" errors="0" timestamp="2024-09-26T11:49:45 IST" skipped="0">
  <testcase classname="Script_Demo.GroupTestCases" name="TestCase02" time="0.002"/>
  <system-out/>
  <testcase classname="Script_Demo.GroupTestCases" name="TestCase07" time="0.002"/>
  <system-out/>
  <testcase classname="Script_Demo.GroupTestCases" name="TestCase04" time="0.003"/>
  <system-out/>
  <testcase classname="Script_Demo.GroupTestCases" name="TestCase05" time="0.004"/>
  <system-out/>
  <testcase classname="Script_Demo.GroupTestCases" name="TestCase06" time="0.001"/>
  <system-out/>
  <testcase classname="Script_Demo.GroupTestCases" name="TestCase01" time="0.015"/>
  <system-out/>
</testsuite> <!-- Script_Demo.GroupTestCases -->
