<?xml version="1.0" encoding="UTF-8"?>
<!-- Generated by org.testng.reporters.JUnitReportReporter -->
<testsuite hostname="DESKTOP-FO7068N" failures="0" tests="2" name="com.cybage.com.cybage.testng.TestAnnotation" time="50.777" errors="0" timestamp="2024-09-05T22:49:16 IST" skipped="0">
  <testcase classname="com.cybage.com.cybage.testng.TestAnnotation" name="MobilePhoneLink" time="14.446"/>
  <system-out/>
  <testcase classname="com.cybage.com.cybage.testng.TestAnnotation" name="ElectronicsTab" time="36.331"/>
  <system-out/>
</testsuite> <!-- com.cybage.com.cybage.testng.TestAnnotation -->
